  pl0.c
C:\Users\John Lee\Documents\Tencent Files\1079281324\FileRecv\pl0\pl0\pl0.c(63,15): warning C4013: “isalpha”未定义；假设外部返回 int
C:\Users\John Lee\Documents\Tencent Files\1079281324\FileRecv\pl0\pl0\pl0.c(75,39): warning C4013: “isdigit”未定义；假设外部返回 int
C:\Users\John Lee\Documents\Tencent Files\1079281324\FileRecv\pl0\pl0\pl0.c(89,15): error C4996: 'strcpy': This function or variable may be unsafe. Consider using strcpy_s instead. To disable deprecation, use _CRT_SECURE_NO_WARNINGS. See online help for details.
C:\Users\John Lee\Documents\Tencent Files\1079281324\FileRecv\pl0\pl0\pl0.c(210,11): error C4996: 'strcpy': This function or variable may be unsafe. Consider using strcpy_s instead. To disable deprecation, use _CRT_SECURE_NO_WARNINGS. See online help for details.
C:\Users\John Lee\Documents\Tencent Files\1079281324\FileRecv\pl0\pl0\pl0.c(239,11): error C4996: 'strcpy': This function or variable may be unsafe. Consider using strcpy_s instead. To disable deprecation, use _CRT_SECURE_NO_WARNINGS. See online help for details.
C:\Users\John Lee\Documents\Tencent Files\1079281324\FileRecv\pl0\pl0\pl0.c(850,11): error C4996: 'strcpy': This function or variable may be unsafe. Consider using strcpy_s instead. To disable deprecation, use _CRT_SECURE_NO_WARNINGS. See online help for details.
C:\Users\John Lee\Documents\Tencent Files\1079281324\FileRecv\pl0\pl0\pl0.c(851,11): error C4996: 'strcpy': This function or variable may be unsafe. Consider using strcpy_s instead. To disable deprecation, use _CRT_SECURE_NO_WARNINGS. See online help for details.
C:\Users\John Lee\Documents\Tencent Files\1079281324\FileRecv\pl0\pl0\pl0.c(852,11): error C4996: 'strcpy': This function or variable may be unsafe. Consider using strcpy_s instead. To disable deprecation, use _CRT_SECURE_NO_WARNINGS. See online help for details.
C:\Users\John Lee\Documents\Tencent Files\1079281324\FileRecv\pl0\pl0\pl0.c(853,11): error C4996: 'strcpy': This function or variable may be unsafe. Consider using strcpy_s instead. To disable deprecation, use _CRT_SECURE_NO_WARNINGS. See online help for details.
C:\Users\John Lee\Documents\Tencent Files\1079281324\FileRecv\pl0\pl0\pl0.c(854,11): error C4996: 'strcpy': This function or variable may be unsafe. Consider using strcpy_s instead. To disable deprecation, use _CRT_SECURE_NO_WARNINGS. See online help for details.
C:\Users\John Lee\Documents\Tencent Files\1079281324\FileRecv\pl0\pl0\pl0.c(855,11): error C4996: 'strcpy': This function or variable may be unsafe. Consider using strcpy_s instead. To disable deprecation, use _CRT_SECURE_NO_WARNINGS. See online help for details.
C:\Users\John Lee\Documents\Tencent Files\1079281324\FileRecv\pl0\pl0\pl0.c(856,11): error C4996: 'strcpy': This function or variable may be unsafe. Consider using strcpy_s instead. To disable deprecation, use _CRT_SECURE_NO_WARNINGS. See online help for details.
C:\Users\John Lee\Documents\Tencent Files\1079281324\FileRecv\pl0\pl0\pl0.c(857,11): error C4996: 'strcpy': This function or variable may be unsafe. Consider using strcpy_s instead. To disable deprecation, use _CRT_SECURE_NO_WARNINGS. See online help for details.
C:\Users\John Lee\Documents\Tencent Files\1079281324\FileRecv\pl0\pl0\pl0.c(858,11): error C4996: 'strcpy': This function or variable may be unsafe. Consider using strcpy_s instead. To disable deprecation, use _CRT_SECURE_NO_WARNINGS. See online help for details.
C:\Users\John Lee\Documents\Tencent Files\1079281324\FileRecv\pl0\pl0\pl0.c(859,11): error C4996: 'strcpy': This function or variable may be unsafe. Consider using strcpy_s instead. To disable deprecation, use _CRT_SECURE_NO_WARNINGS. See online help for details.
C:\Users\John Lee\Documents\Tencent Files\1079281324\FileRecv\pl0\pl0\pl0.c(860,11): error C4996: 'strcpy': This function or variable may be unsafe. Consider using strcpy_s instead. To disable deprecation, use _CRT_SECURE_NO_WARNINGS. See online help for details.
C:\Users\John Lee\Documents\Tencent Files\1079281324\FileRecv\pl0\pl0\pl0.c(884,11): error C4996: 'strcpy': This function or variable may be unsafe. Consider using strcpy_s instead. To disable deprecation, use _CRT_SECURE_NO_WARNINGS. See online help for details.
C:\Users\John Lee\Documents\Tencent Files\1079281324\FileRecv\pl0\pl0\pl0.c(885,11): error C4996: 'strcpy': This function or variable may be unsafe. Consider using strcpy_s instead. To disable deprecation, use _CRT_SECURE_NO_WARNINGS. See online help for details.
C:\Users\John Lee\Documents\Tencent Files\1079281324\FileRecv\pl0\pl0\pl0.c(886,11): error C4996: 'strcpy': This function or variable may be unsafe. Consider using strcpy_s instead. To disable deprecation, use _CRT_SECURE_NO_WARNINGS. See online help for details.
C:\Users\John Lee\Documents\Tencent Files\1079281324\FileRecv\pl0\pl0\pl0.c(887,11): error C4996: 'strcpy': This function or variable may be unsafe. Consider using strcpy_s instead. To disable deprecation, use _CRT_SECURE_NO_WARNINGS. See online help for details.
C:\Users\John Lee\Documents\Tencent Files\1079281324\FileRecv\pl0\pl0\pl0.c(888,11): error C4996: 'strcpy': This function or variable may be unsafe. Consider using strcpy_s instead. To disable deprecation, use _CRT_SECURE_NO_WARNINGS. See online help for details.
C:\Users\John Lee\Documents\Tencent Files\1079281324\FileRecv\pl0\pl0\pl0.c(889,11): error C4996: 'strcpy': This function or variable may be unsafe. Consider using strcpy_s instead. To disable deprecation, use _CRT_SECURE_NO_WARNINGS. See online help for details.
C:\Users\John Lee\Documents\Tencent Files\1079281324\FileRecv\pl0\pl0\pl0.c(890,11): error C4996: 'strcpy': This function or variable may be unsafe. Consider using strcpy_s instead. To disable deprecation, use _CRT_SECURE_NO_WARNINGS. See online help for details.
C:\Users\John Lee\Documents\Tencent Files\1079281324\FileRecv\pl0\pl0\pl0.c(891,11): error C4996: 'strcpy': This function or variable may be unsafe. Consider using strcpy_s instead. To disable deprecation, use _CRT_SECURE_NO_WARNINGS. See online help for details.
C:\Users\John Lee\Documents\Tencent Files\1079281324\FileRecv\pl0\pl0\pl0.c(898,5): error C4996: 'scanf': This function or variable may be unsafe. Consider using scanf_s instead. To disable deprecation, use _CRT_SECURE_NO_WARNINGS. See online help for details.
C:\Users\John Lee\Documents\Tencent Files\1079281324\FileRecv\pl0\pl0\pl0.c(901,16): error C4996: 'fopen': This function or variable may be unsafe. Consider using fopen_s instead. To disable deprecation, use _CRT_SECURE_NO_WARNINGS. See online help for details.
